<?xml version="1.0" encoding="UTF-8"?>
<testng-results ignored="0" total="2" passed="2" failed="0" skipped="0">
  <reporter-output>
  </reporter-output>
  <suite started-at="2018-11-17T17:10:53Z" name="Default suite" finished-at="2018-11-17T17:14:21Z" duration-ms="208270">
    <groups>
    </groups>
    <test started-at="2018-11-17T17:10:53Z" name="Default test" finished-at="2018-11-17T17:14:21Z" duration-ms="208270">
      <class name="ZipGo.CreateReverseTrip.CreateReverseTrip">
        <test-method signature="CreateTestTrip()[pri:1, instance:ZipGo.CreateReverseTrip.CreateReverseTrip@2b4bac49]" started-at="2018-11-17T22:40:53Z" name="CreateTestTrip" finished-at="2018-11-17T22:44:15Z" duration-ms="202086" status="PASS">
          <reporter-output>
          </reporter-output>
        </test-method> <!-- CreateTestTrip -->
        <test-method signature="sendMail()[pri:2, instance:ZipGo.CreateReverseTrip.CreateReverseTrip@2b4bac49]" started-at="2018-11-17T22:44:15Z" name="sendMail" finished-at="2018-11-17T22:44:21Z" duration-ms="6148" status="PASS">
          <reporter-output>
          </reporter-output>
        </test-method> <!-- sendMail -->
      </class> <!-- ZipGo.CreateReverseTrip.CreateReverseTrip -->
    </test> <!-- Default test -->
  </suite> <!-- Default suite -->
</testng-results>
