<?xml version="1.0" encoding="UTF-8"?>
<!-- Generated by org.testng.reporters.JUnitXMLReporter -->
<testsuite ignored="0" hostname="PRASHANTs-MacBook-Pro.local" failures="0" tests="2" name="Default test" time="208.27" errors="0" timestamp="17 Nov 2018 17:14:21 GMT">
  <testcase classname="ZipGo.CreateReverseTrip.CreateReverseTrip" name="CreateTestTrip" time="202.086"/>
  <testcase classname="ZipGo.CreateReverseTrip.CreateReverseTrip" name="sendMail" time="6.148"/>
</testsuite> <!-- Default test -->
